  shader_skybox.cpp
D:\mihoyo\LanguageLearning\cpp\GithubTinyRendererCpp\MyTinyRenderer\MyRendererCpp\MyRendererCpp\texture2D.h(174,11): warning C4244: “初始化”: 从“float”转换到“int”，可能丢失数据
  (编译源文件“shader_skybox.cpp”)
  
D:\mihoyo\LanguageLearning\cpp\GithubTinyRendererCpp\MyTinyRenderer\MyRendererCpp\MyRendererCpp\texture2D.h(175,11): warning C4244: “初始化”: 从“float”转换到“int”，可能丢失数据
  (编译源文件“shader_skybox.cpp”)
  
D:\mihoyo\LanguageLearning\cpp\GithubTinyRendererCpp\MyTinyRenderer\MyRendererCpp\MyRendererCpp\texture2D.h(176,11): warning C4244: “初始化”: 从“float”转换到“int”，可能丢失数据
  (编译源文件“shader_skybox.cpp”)
  
D:\mihoyo\LanguageLearning\cpp\GithubTinyRendererCpp\MyTinyRenderer\MyRendererCpp\MyRendererCpp\texture2D.h(177,11): warning C4244: “初始化”: 从“float”转换到“int”，可能丢失数据
  (编译源文件“shader_skybox.cpp”)
  
D:\mihoyo\LanguageLearning\cpp\GithubTinyRendererCpp\MyTinyRenderer\MyRendererCpp\MyRendererCpp\texture2D.h(208,33): warning C4838: 从“float”转换到“uint8_t”需要收缩转换
  (编译源文件“shader_skybox.cpp”)
  
D:\mihoyo\LanguageLearning\cpp\GithubTinyRendererCpp\MyTinyRenderer\MyRendererCpp\MyRendererCpp\texture2D.h(208,33): warning C4244: “初始化”: 从“float”转换到“uint8_t”，可能丢失数据
  (编译源文件“shader_skybox.cpp”)
  
D:\mihoyo\LanguageLearning\cpp\GithubTinyRendererCpp\MyTinyRenderer\MyRendererCpp\MyRendererCpp\texture2D.h(208,48): warning C4838: 从“float”转换到“uint8_t”需要收缩转换
  (编译源文件“shader_skybox.cpp”)
  
D:\mihoyo\LanguageLearning\cpp\GithubTinyRendererCpp\MyTinyRenderer\MyRendererCpp\MyRendererCpp\texture2D.h(208,48): warning C4244: “初始化”: 从“float”转换到“uint8_t”，可能丢失数据
  (编译源文件“shader_skybox.cpp”)
  
D:\mihoyo\LanguageLearning\cpp\GithubTinyRendererCpp\MyTinyRenderer\MyRendererCpp\MyRendererCpp\texture2D.h(208,63): warning C4838: 从“float”转换到“uint8_t”需要收缩转换
  (编译源文件“shader_skybox.cpp”)
  
D:\mihoyo\LanguageLearning\cpp\GithubTinyRendererCpp\MyTinyRenderer\MyRendererCpp\MyRendererCpp\texture2D.h(208,63): warning C4244: “初始化”: 从“float”转换到“uint8_t”，可能丢失数据
  (编译源文件“shader_skybox.cpp”)
  
D:\mihoyo\LanguageLearning\cpp\GithubTinyRendererCpp\MyTinyRenderer\MyRendererCpp\MyRendererCpp\texture2D.h(208,78): warning C4838: 从“float”转换到“uint8_t”需要收缩转换
  (编译源文件“shader_skybox.cpp”)
  
D:\mihoyo\LanguageLearning\cpp\GithubTinyRendererCpp\MyTinyRenderer\MyRendererCpp\MyRendererCpp\texture2D.h(208,78): warning C4244: “初始化”: 从“float”转换到“uint8_t”，可能丢失数据
  (编译源文件“shader_skybox.cpp”)
  
D:\mihoyo\LanguageLearning\cpp\GithubTinyRendererCpp\MyTinyRenderer\MyRendererCpp\MyRendererCpp\shader_skybox.cpp(22,13): warning C4244: “初始化”: 从“double”转换到“float”，可能丢失数据
D:\mihoyo\LanguageLearning\cpp\GithubTinyRendererCpp\MyTinyRenderer\MyRendererCpp\MyRendererCpp\shader_skybox.cpp(23,13): warning C4244: “初始化”: 从“double”转换到“float”，可能丢失数据
D:\mihoyo\LanguageLearning\cpp\GithubTinyRendererCpp\MyTinyRenderer\MyRendererCpp\MyRendererCpp\shader_skybox.cpp(24,13): warning C4244: “初始化”: 从“double”转换到“float”，可能丢失数据
  MyRendererCpp.vcxproj -> D:\mihoyo\LanguageLearning\cpp\GithubTinyRendererCpp\MyTinyRenderer\MyRendererCpp\x64\Debug\MyRendererCpp.exe
