  camera.cpp
  graphics.cpp
  main.cpp
  maths.cpp
  test_camera_move.cpp
  test_helper.cpp
  mesh.cpp
D:\MRenderer\TinyRenderer\MyTinyRenderer\MyRendererCpp\MyRendererCpp\mesh.cpp(22,21): warning C4267: “初始化”: 从“size_t”转换到“int”，可能丢失数据
  private.cpp
  test_model_input.cpp
D:\MRenderer\TinyRenderer\MyTinyRenderer\MyRendererCpp\MyRendererCpp\test_model_input.cpp(39,8): warning C4244: “初始化”: 从“float”转换到“int”，可能丢失数据
D:\MRenderer\TinyRenderer\MyTinyRenderer\MyRendererCpp\MyRendererCpp\test_model_input.cpp(40,8): warning C4244: “初始化”: 从“float”转换到“int”，可能丢失数据
  test_rasterization.cpp
D:\MRenderer\TinyRenderer\MyTinyRenderer\MyRendererCpp\MyRendererCpp\test_rasterization.cpp(37,33): warning C4244: “参数”: 从“int”转换到“float”，可能丢失数据
D:\MRenderer\TinyRenderer\MyTinyRenderer\MyRendererCpp\MyRendererCpp\test_rasterization.cpp(37,63): warning C4244: “参数”: 从“int”转换到“float”，可能丢失数据
D:\MRenderer\TinyRenderer\MyTinyRenderer\MyRendererCpp\MyRendererCpp\test_rasterization.cpp(37,93): warning C4244: “参数”: 从“int”转换到“float”，可能丢失数据
  test_space_transform.cpp
  test_transform.cpp
D:\MRenderer\TinyRenderer\MyTinyRenderer\MyRendererCpp\MyRendererCpp\test_transform.cpp(34,54): warning C4244: “参数”: 从“int”转换到“float”，可能丢失数据
D:\MRenderer\TinyRenderer\MyTinyRenderer\MyRendererCpp\MyRendererCpp\test_transform.cpp(34,36): warning C4244: “参数”: 从“int”转换到“float”，可能丢失数据
D:\MRenderer\TinyRenderer\MyTinyRenderer\MyRendererCpp\MyRendererCpp\test_transform.cpp(63,97): warning C4244: “参数”: 从“double”转换到“float”，可能丢失数据
D:\MRenderer\TinyRenderer\MyTinyRenderer\MyRendererCpp\MyRendererCpp\test_transform.cpp(63,64): warning C4244: “参数”: 从“double”转换到“float”，可能丢失数据
D:\MRenderer\TinyRenderer\MyTinyRenderer\MyRendererCpp\MyRendererCpp\test_transform.cpp(63,32): warning C4244: “参数”: 从“double”转换到“float”，可能丢失数据
  win32.cpp
  正在生成代码
  Previous IPDB and IOBJ mismatch, fall back to full compilation.
  All 611 functions were compiled because no usable IPDB/IOBJ from previous compilation was found.
  已完成代码的生成
  MyRendererCpp.vcxproj -> D:\MRenderer\TinyRenderer\MyTinyRenderer\MyRendererCpp\x64\Release\MyRendererCpp.exe
